[2022-05-05 18:55:32,159] {taskinstance.py:670} INFO - Dependencies all met for <TaskInstance: example_python_operator.print_the_context 2022-05-05T21:54:39.091327+00:00 [queued]>
[2022-05-05 18:55:32,173] {taskinstance.py:670} INFO - Dependencies all met for <TaskInstance: example_python_operator.print_the_context 2022-05-05T21:54:39.091327+00:00 [queued]>
[2022-05-05 18:55:32,173] {taskinstance.py:880} INFO - 
--------------------------------------------------------------------------------
[2022-05-05 18:55:32,173] {taskinstance.py:881} INFO - Starting attempt 1 of 1
[2022-05-05 18:55:32,174] {taskinstance.py:882} INFO - 
--------------------------------------------------------------------------------
[2022-05-05 18:55:32,185] {taskinstance.py:901} INFO - Executing <Task(PythonOperator): print_the_context> on 2022-05-05T21:54:39.091327+00:00
[2022-05-05 18:55:32,189] {standard_task_runner.py:54} INFO - Started process 23470 to run task
[2022-05-05 18:55:32,354] {standard_task_runner.py:77} INFO - Running: ['airflow', 'run', 'example_python_operator', 'print_the_context', '2022-05-05T21:54:39.091327+00:00', '--job_id', '2', '--pool', 'default_pool', '--raw', '-sd', '/Users/IsabelGontijo/git/data_pipeline_test/.env/lib/python3.9/site-packages/airflow/example_dags/example_python_operator.py', '--cfg_path', '/var/folders/gm/rm4jg3fd4n31ckhhltj3d3tm0000gn/T/tmpcu_qijq6']
[2022-05-05 18:55:32,356] {standard_task_runner.py:78} INFO - Job 2: Subtask print_the_context
[2022-05-05 18:55:32,406] {logging_mixin.py:112} INFO - Running <TaskInstance: example_python_operator.print_the_context 2022-05-05T21:54:39.091327+00:00 [running]> on host 1.0.0.0.0.0.0.0.0.0.0.0.0.0.0.0.0.0.0.0.0.0.0.0.0.0.0.0.0.0.0.0.ip6.arpa
[2022-05-05 18:55:32,453] {logging_mixin.py:112} INFO - {'END_DATE': '2022-05-05',
 'conf': <airflow.configuration.AirflowConfigParser object at 0x7fb8e423fc10>,
 'dag': <DAG: example_python_operator>,
 'dag_run': <DagRun example_python_operator @ 2022-05-05 21:54:39.091327+00:00: manual__2022-05-05T21:54:39.091327+00:00, externally triggered: True>,
 'ds_nodash': '20220505',
 'end_date': '2022-05-05',
 'execution_date': <Pendulum [2022-05-05T21:54:39.091327+00:00]>,
 'inlets': [],
 'latest_date': '2022-05-05',
 'macros': <module 'airflow.macros' from '/Users/IsabelGontijo/git/data_pipeline_test/.env/lib/python3.9/site-packages/airflow/macros/__init__.py'>,
 'next_ds': '2022-05-05',
 'next_ds_nodash': '20220505',
 'next_execution_date': <Pendulum [2022-05-05T21:54:39.091327+00:00]>,
 'outlets': [],
 'params': {},
 'prev_ds': '2022-05-05',
 'prev_ds_nodash': '20220505',
 'prev_execution_date': <Pendulum [2022-05-05T21:54:39.091327+00:00]>,
 'prev_execution_date_success': <Proxy at 0x7fb8e700fac0 with factory <function TaskInstance.get_template_context.<locals>.<lambda> at 0x7fb8e7004d30>>,
 'prev_start_date_success': <Proxy at 0x7fb8e700ffc0 with factory <function TaskInstance.get_template_context.<locals>.<lambda> at 0x7fb8e7012f70>>,
 'run_id': 'manual__2022-05-05T21:54:39.091327+00:00',
 'tables': None,
 'task': <Task(PythonOperator): print_the_context>,
 'task_instance': <TaskInstance: example_python_operator.print_the_context 2022-05-05T21:54:39.091327+00:00 [running]>,
 'task_instance_key_str': 'example_python_operator__print_the_context__20220505',
 'templates_dict': None,
 'test_mode': False,
 'ti': <TaskInstance: example_python_operator.print_the_context 2022-05-05T21:54:39.091327+00:00 [running]>,
 'tomorrow_ds': '2022-05-06',
 'tomorrow_ds_nodash': '20220506',
 'ts': '2022-05-05T21:54:39.091327+00:00',
 'ts_nodash': '20220505T215439',
 'ts_nodash_with_tz': '20220505T215439.091327+0000',
 'var': {'json': None, 'value': None},
 'yesterday_ds': '2022-05-04',
 'yesterday_ds_nodash': '20220504'}
[2022-05-05 18:55:32,453] {logging_mixin.py:112} INFO - 2022-05-05
[2022-05-05 18:55:32,454] {python_operator.py:114} INFO - Done. Returned value was: Whatever you return gets printed in the logs
[2022-05-05 18:55:32,476] {taskinstance.py:1057} INFO - Marking task as SUCCESS.dag_id=example_python_operator, task_id=print_the_context, execution_date=20220505T215439, start_date=20220505T215532, end_date=20220505T215532
[2022-05-05 18:55:37,144] {local_task_job.py:102} INFO - Task exited with return code 0
